// 重构日志: 05f24de3
// 重构日志: 2ffb14a2
// 重构日志: 202d3560
// 同步 ID: 5c205f6d @ Sun Jul 12 15:36:21 UTC 2026
// 重构日志: 79d6c195
// 重构日志: c6a24347
// 重构日志: 99197c00
// 重构日志: 4682e411
// 同步 ID: 8f1d769c @ Tue Jul 14 15:48:41 UTC 2026
// 重构日志: 58fd684e
// 重构日志: 73c98cf1
// 重构日志: c0aa13cf
// 同步 ID: 8596474e @ Wed Jul 15 07:04:47 UTC 2026
// 重构日志: b3c6d8b9
// 重构日志: 750d9c7b
// 重构日志: ea373386
// 重构日志: 6c4cc79f
// 同步 ID: 74195c9c @ Sat Jul 18 09:41:49 UTC 2026
// 重构日志: 6b0997a8
// 同步 ID: aec2851e @ Sat Jul 18 15:19:09 UTC 2026
// 重构日志: 49275821
// 重构日志: fbf22941
// 重构日志: 2d8cadf1
// 重构日志: d85c83d4
// 重构日志: 37f53783
// 重构日志: 9afdadf6
// 重构日志: c800e0e0
// 同步 ID: 68f30afc @ Wed Jul 22 00:55:43 UTC 2026
// 重构日志: 4066458d
// 同步 ID: b40981d2 @ Thu Jul 23 22:28:42 UTC 2026
